<?xml version="1.0" encoding="UTF-8"?>
<testsuites name="New Test Suite" time="221" tests="4" failures="1" errors="0">
   <testsuite name="New Test Suite" tests="4" failures="1" errors="0" time="221" timestamp="2018-06-22 10:02:34" hostname="admin - LAPTOP-MGAQBN3O" id="Test Suites/New Test Suite">
      <properties>
         <property name="deviceName" value=""/>
         <property name="devicePlatform" value=""/>
         <property name="logFolder" value="C:\\Users\\admin\\Katalon Studio\\crear ausencias\\Reports\\New Test Suite\\20180622_095904"/>
         <property name="logFiles" value="C:\\Users\\admin\\Katalon Studio\\crear ausencias\\Reports\\New Test Suite\\20180622_095904\\execution0.log"/>
         <property name="attachments" value="C:\\Users\\admin\\Katalon Studio\\crear ausencias\\Reports\\New Test Suite\\20180622_095904\\1529654773493.png"/>
         <property name="hostName" value="admin - LAPTOP-MGAQBN3O"/>
         <property name="os" value="Windows 10 64bit"/>
         <property name="katalonVersion" value="5.4.2.1"/>
         <property name="browser" value="Chrome 67.0.3396.87"/>
         <property name="hostAddress" value="192.168.6.110"/>
         <property name="sessionId" value="83b5c972e8087c89dbf6d55f926d4c21"/>
         <property name="seleniumVersion" value="3.7.1"/>
         <property name="proxyInformation" value="ProxyInformation{proxyOption=NO_PROXY, proxyServerType=HTTP, password=, proxyServerAddress=, proxyServerPort=0}"/>
         <property name="platform" value="Windows 10"/>
      </properties>
      <testcase name="Test Cases/1login" classname="Test Cases/1login" status="PASSED">
         <system-out><![CDATA[2018-06-22 10:02:35 - [TEST_CASE][PASSED] - Test Cases/1login: Test Cases/1login

2018-06-22 10:02:35 - [TEST_STEP][PASSED] - openBrowser: Browser is opened with url: 'https://sayes-des:9443/ProcessPortal/login.jsp'

2018-06-22 10:02:42 - [MESSAGE][PASSED] - Browser is opened with url: 'https://sayes-des:9443/ProcessPortal/login.jsp'

2018-06-22 10:02:42 - [TEST_STEP][PASSED] - waitForPageLoad: Wait for page load successfully

2018-06-22 10:02:42 - [MESSAGE][WARNING] - Timeout '0' is invalid. Using default page load timeout: '30'

2018-06-22 10:02:43 - [MESSAGE][PASSED] - Wait for page load successfully

2018-06-22 10:02:43 - [TEST_STEP][PASSED] - setText: Text 'aperez' is set on object 'Object Repository/input_j_username'

2018-06-22 10:02:47 - [MESSAGE][PASSED] - Text 'aperez' is set on object 'Object Repository/input_j_username'

2018-06-22 10:02:47 - [TEST_STEP][PASSED] - setText: Text 'Ab123456' is set on object 'Object Repository/input_j_password'

2018-06-22 10:02:51 - [MESSAGE][PASSED] - Text 'Ab123456' is set on object 'Object Repository/input_j_password'

2018-06-22 10:02:51 - [TEST_STEP][PASSED] - sendKeys: Keys 'ENTER + ' sent to object: 'Object Repository/input_j_password'

2018-06-22 10:02:55 - [MESSAGE][PASSED] - Keys 'ENTER + ' sent to object: 'Object Repository/input_j_password'

2018-06-22 10:02:55 - [TEST_STEP][PASSED] - waitForPageLoad: Wait for page load successfully

2018-06-22 10:02:55 - [MESSAGE][WARNING] - Timeout '0' is invalid. Using default page load timeout: '30'

2018-06-22 10:02:56 - [MESSAGE][PASSED] - Wait for page load successfully

2018-06-22 10:02:56 - [TEST_STEP][PASSED] - verifyElementPresent: Object 'Object Repository/a_Acacio Perez' is present

2018-06-22 10:02:56 - [MESSAGE][WARNING] - Timeout '0' is invalid. Using default page load timeout: '30'

2018-06-22 10:02:57 - [MESSAGE][PASSED] - Object 'Object Repository/a_Acacio Perez' is present

2018-06-22 10:02:57 - [TEST_STEP][PASSED] - closeBrowser: Browser is closed

2018-06-22 10:02:58 - [MESSAGE][PASSED] - Browser is closed]]></system-out>
         <system-err><![CDATA[]]></system-err>
      </testcase>
      <testcase name="Test Cases/2CampoObligatorioSinRellenar" classname="Test Cases/2CampoObligatorioSinRellenar" status="PASSED">
         <system-out><![CDATA[2018-06-22 10:02:59 - [TEST_CASE][PASSED] - Test Cases/2CampoObligatorioSinRellenar: Test Cases/2CampoObligatorioSinRellenar

2018-06-22 10:02:59 - [TEST_STEP][PASSED] - openBrowser: Browser is opened with url: 'https://sayes-des:9443/ProcessPortal/login.jsp'

2018-06-22 10:03:04 - [MESSAGE][PASSED] - Browser is opened with url: 'https://sayes-des:9443/ProcessPortal/login.jsp'

2018-06-22 10:03:04 - [TEST_STEP][PASSED] - waitForPageLoad: Wait for page load successfully

2018-06-22 10:03:04 - [MESSAGE][WARNING] - Timeout '0' is invalid. Using default page load timeout: '30'

2018-06-22 10:03:05 - [MESSAGE][PASSED] - Wait for page load successfully

2018-06-22 10:03:05 - [TEST_STEP][PASSED] - setText: Text 'aperez' is set on object 'Object Repository/input_j_username'

2018-06-22 10:03:10 - [MESSAGE][PASSED] - Text 'aperez' is set on object 'Object Repository/input_j_username'

2018-06-22 10:03:10 - [TEST_STEP][PASSED] - setText: Text 'Ab123456' is set on object 'Object Repository/input_j_password'

2018-06-22 10:03:14 - [MESSAGE][PASSED] - Text 'Ab123456' is set on object 'Object Repository/input_j_password'

2018-06-22 10:03:14 - [TEST_STEP][PASSED] - sendKeys: Keys 'ENTER + ' sent to object: 'Object Repository/input_j_password'

2018-06-22 10:03:18 - [MESSAGE][PASSED] - Keys 'ENTER + ' sent to object: 'Object Repository/input_j_password'

2018-06-22 10:03:18 - [TEST_STEP][PASSED] - waitForPageLoad: Wait for page load successfully

2018-06-22 10:03:18 - [MESSAGE][WARNING] - Timeout '0' is invalid. Using default page load timeout: '30'

2018-06-22 10:03:19 - [MESSAGE][PASSED] - Wait for page load successfully

2018-06-22 10:03:19 - [TEST_STEP][PASSED] - click: Object: 'Object Repository/a_Crear Ausencia' is clicked on

2018-06-22 10:03:21 - [MESSAGE][PASSED] - Object: 'Object Repository/a_Crear Ausencia' is clicked on

2018-06-22 10:03:21 - [TEST_STEP][PASSED] - click: Object: 'Object Repository/button_ACEPTAR' is clicked on

2018-06-22 10:03:26 - [MESSAGE][PASSED] - Object: 'Object Repository/button_ACEPTAR' is clicked on

2018-06-22 10:03:28 - [TEST_STEP][PASSED] - verifyElementPresent: Object 'Object Repository/font_Validation Error' is present

2018-06-22 10:03:28 - [MESSAGE][WARNING] - Timeout '0' is invalid. Using default page load timeout: '30'

2018-06-22 10:03:30 - [MESSAGE][WARNING] - Timeout '0' is invalid. Using default page load timeout: '30'

2018-06-22 10:03:31 - [MESSAGE][PASSED] - Object 'Object Repository/font_Validation Error' is present

2018-06-22 10:03:33 - [TEST_STEP][PASSED] - closeBrowser: Browser is closed

2018-06-22 10:03:35 - [MESSAGE][PASSED] - Browser is closed]]></system-out>
         <system-err><![CDATA[]]></system-err>
      </testcase>
      <testcase name="Test Cases/5SolicitudCorrectaDiferenteMotivo" classname="Test Cases/5SolicitudCorrectaDiferenteMotivo" status="PASSED">
         <system-out><![CDATA[2018-06-22 10:03:35 - [TEST_CASE][PASSED] - Test Cases/5SolicitudCorrectaDiferenteMotivo: Test Cases/5SolicitudCorrectaDiferenteMotivo

2018-06-22 10:03:35 - [TEST_STEP][PASSED] - openBrowser: Browser is opened with url: 'https://sayes-des:9443/ProcessPortal/login.jsp'

2018-06-22 10:03:40 - [MESSAGE][PASSED] - Browser is opened with url: 'https://sayes-des:9443/ProcessPortal/login.jsp'

2018-06-22 10:03:40 - [TEST_STEP][PASSED] - waitForPageLoad: Wait for page load successfully

2018-06-22 10:03:40 - [MESSAGE][WARNING] - Timeout '0' is invalid. Using default page load timeout: '30'

2018-06-22 10:03:41 - [MESSAGE][PASSED] - Wait for page load successfully

2018-06-22 10:03:41 - [TEST_STEP][PASSED] - setText: Text 'aperez' is set on object 'Object Repository/input_j_username'

2018-06-22 10:03:46 - [MESSAGE][PASSED] - Text 'aperez' is set on object 'Object Repository/input_j_username'

2018-06-22 10:03:46 - [TEST_STEP][PASSED] - setText: Text 'Ab123456' is set on object 'Object Repository/input_j_password'

2018-06-22 10:03:50 - [MESSAGE][PASSED] - Text 'Ab123456' is set on object 'Object Repository/input_j_password'

2018-06-22 10:03:50 - [TEST_STEP][PASSED] - sendKeys: Keys 'ENTER + ' sent to object: 'Object Repository/input_j_password'

2018-06-22 10:03:53 - [MESSAGE][PASSED] - Keys 'ENTER + ' sent to object: 'Object Repository/input_j_password'

2018-06-22 10:03:53 - [TEST_STEP][PASSED] - waitForPageLoad: Wait for page load successfully

2018-06-22 10:03:53 - [MESSAGE][WARNING] - Timeout '0' is invalid. Using default page load timeout: '30'

2018-06-22 10:03:55 - [MESSAGE][PASSED] - Wait for page load successfully

2018-06-22 10:03:55 - [TEST_STEP][PASSED] - click: Object: 'Object Repository/a_Crear Ausencia' is clicked on

2018-06-22 10:03:57 - [MESSAGE][PASSED] - Object: 'Object Repository/a_Crear Ausencia' is clicked on

2018-06-22 10:03:57 - [TEST_STEP][PASSED] - selectOptionByIndex: All options with index in [3] are selected on object 'Object Repository/select_--Select--motivoAusencia'

2018-06-22 10:04:10 - [MESSAGE][PASSED] - All options with index in [3] are selected on object 'Object Repository/select_--Select--motivoAusencia'

2018-06-22 10:04:12 - [TEST_STEP][PASSED] - click: Object: 'Object Repository/button_ACEPTAR' is clicked on

2018-06-22 10:04:16 - [MESSAGE][PASSED] - Object: 'Object Repository/button_ACEPTAR' is clicked on

2018-06-22 10:04:19 - [TEST_STEP][PASSED] - click: Object: 'Object Repository/button_CONFIRMAR' is clicked on

2018-06-22 10:04:23 - [MESSAGE][PASSED] - Object: 'Object Repository/button_CONFIRMAR' is clicked on

2018-06-22 10:04:26 - [TEST_STEP][PASSED] - verifyElementPresent: Object 'Object Repository/a_Crear Ausencia' is present

2018-06-22 10:04:26 - [MESSAGE][WARNING] - Timeout '0' is invalid. Using default page load timeout: '30'

2018-06-22 10:04:27 - [MESSAGE][PASSED] - Object 'Object Repository/a_Crear Ausencia' is present

2018-06-22 10:04:27 - [TEST_STEP][PASSED] - closeBrowser: Browser is closed

2018-06-22 10:04:28 - [MESSAGE][PASSED] - Browser is closed]]></system-out>
         <system-err><![CDATA[]]></system-err>
      </testcase>
      <testcase name="Test Cases/4SolicitudCorrecta" classname="Test Cases/4SolicitudCorrecta" status="PASSED">
         <system-out><![CDATA[2018-06-22 10:04:28 - [TEST_CASE][PASSED] - Test Cases/4SolicitudCorrecta: Test Cases/4SolicitudCorrecta

2018-06-22 10:04:29 - [TEST_STEP][PASSED] - openBrowser: Browser is opened with url: 'https://sayes-des:9443/ProcessPortal/login.jsp'

2018-06-22 10:04:34 - [MESSAGE][PASSED] - Browser is opened with url: 'https://sayes-des:9443/ProcessPortal/login.jsp'

2018-06-22 10:04:34 - [TEST_STEP][PASSED] - waitForPageLoad: Wait for page load successfully

2018-06-22 10:04:34 - [MESSAGE][WARNING] - Timeout '0' is invalid. Using default page load timeout: '30'

2018-06-22 10:04:36 - [MESSAGE][PASSED] - Wait for page load successfully

2018-06-22 10:04:36 - [TEST_STEP][PASSED] - setText: Text 'aperez' is set on object 'Object Repository/input_j_username'

2018-06-22 10:04:40 - [MESSAGE][PASSED] - Text 'aperez' is set on object 'Object Repository/input_j_username'

2018-06-22 10:04:40 - [TEST_STEP][PASSED] - setText: Text 'Ab123456' is set on object 'Object Repository/input_j_password'

2018-06-22 10:04:44 - [MESSAGE][PASSED] - Text 'Ab123456' is set on object 'Object Repository/input_j_password'

2018-06-22 10:04:44 - [TEST_STEP][PASSED] - sendKeys: Keys 'ENTER + ' sent to object: 'Object Repository/input_j_password'

2018-06-22 10:04:49 - [MESSAGE][PASSED] - Keys 'ENTER + ' sent to object: 'Object Repository/input_j_password'

2018-06-22 10:04:49 - [TEST_STEP][PASSED] - waitForPageLoad: Wait for page load successfully

2018-06-22 10:04:49 - [MESSAGE][WARNING] - Timeout '0' is invalid. Using default page load timeout: '30'

2018-06-22 10:04:50 - [MESSAGE][PASSED] - Wait for page load successfully

2018-06-22 10:04:50 - [TEST_STEP][PASSED] - click: Object: 'Object Repository/a_Crear Ausencia' is clicked on

2018-06-22 10:04:52 - [MESSAGE][PASSED] - Object: 'Object Repository/a_Crear Ausencia' is clicked on

2018-06-22 10:04:52 - [TEST_STEP][PASSED] - click: Object: 'Object Repository/input_ao de cargoao de cargo obligatorio' is clicked on

2018-06-22 10:04:57 - [MESSAGE][PASSED] - Object: 'Object Repository/input_ao de cargoao de cargo obligatorio' is clicked on

2018-06-22 10:04:59 - [TEST_STEP][PASSED] - click: Object: 'Object Repository/button_ACEPTAR' is clicked on

2018-06-22 10:05:03 - [MESSAGE][PASSED] - Object: 'Object Repository/button_ACEPTAR' is clicked on

2018-06-22 10:05:05 - [TEST_STEP][PASSED] - click: Object: 'Object Repository/button_CONFIRMAR' is clicked on

2018-06-22 10:05:09 - [MESSAGE][PASSED] - Object: 'Object Repository/button_CONFIRMAR' is clicked on

2018-06-22 10:05:13 - [TEST_STEP][PASSED] - verifyElementPresent: Object 'Object Repository/a_Crear Ausencia' is present

2018-06-22 10:05:13 - [MESSAGE][WARNING] - Timeout '0' is invalid. Using default page load timeout: '30'

2018-06-22 10:05:14 - [MESSAGE][PASSED] - Object 'Object Repository/a_Crear Ausencia' is present

2018-06-22 10:05:14 - [TEST_STEP][PASSED] - closeBrowser: Browser is closed

2018-06-22 10:05:15 - [MESSAGE][PASSED] - Browser is closed]]></system-out>
         <system-err><![CDATA[]]></system-err>
      </testcase>
      <testcase name="Test Cases/3FechaIncorrecta" classname="Test Cases/3FechaIncorrecta" status="FAILED">
         <failure type="FAILED" message="Unable to set text '2018-06-19' of object 'Object Repository/input_input-block-levelFechaFinal' (Root cause: com.kms.katalon.core.webui.exception.WebElementNotFoundException: Web element with id: 'Object Repository/input_input-block-levelFechaFinal' located by 'By.xpath: id(&quot;div_9&quot;)/div[@class=&quot;control-group&quot;]/div[@class=&quot;controls&quot;]/input[@class=&quot;input-block-level&quot;]' not found)"/>
         <system-out><![CDATA[2018-06-22 10:05:15 - [TEST_CASE][FAILED] - Test Cases/3FechaIncorrecta: Test Cases/3FechaIncorrecta FAILED because (of) Unable to set text '2018-06-19' of object 'Object Repository/input_input-block-levelFechaFinal' (Root cause: com.kms.katalon.core.webui.exception.WebElementNotFoundException: Web element with id: 'Object Repository/input_input-block-levelFechaFinal' located by 'By.xpath: id("div_9")/div[@class="control-group"]/div[@class="controls"]/input[@class="input-block-level"]' not found)

2018-06-22 10:05:16 - [TEST_STEP][PASSED] - openBrowser: Browser is opened with url: 'https://sayes-des:9443/ProcessPortal/login.jsp'

2018-06-22 10:05:21 - [MESSAGE][PASSED] - Browser is opened with url: 'https://sayes-des:9443/ProcessPortal/login.jsp'

2018-06-22 10:05:21 - [TEST_STEP][PASSED] - waitForPageLoad: Wait for page load successfully

2018-06-22 10:05:21 - [MESSAGE][WARNING] - Timeout '0' is invalid. Using default page load timeout: '30'

2018-06-22 10:05:22 - [MESSAGE][PASSED] - Wait for page load successfully

2018-06-22 10:05:22 - [TEST_STEP][PASSED] - setText: Text 'aperez' is set on object 'Object Repository/input_j_username'

2018-06-22 10:05:26 - [MESSAGE][PASSED] - Text 'aperez' is set on object 'Object Repository/input_j_username'

2018-06-22 10:05:26 - [TEST_STEP][PASSED] - setText: Text 'Ab123456' is set on object 'Object Repository/input_j_password'

2018-06-22 10:05:31 - [MESSAGE][PASSED] - Text 'Ab123456' is set on object 'Object Repository/input_j_password'

2018-06-22 10:05:31 - [TEST_STEP][PASSED] - sendKeys: Keys 'ENTER + ' sent to object: 'Object Repository/input_j_password'

2018-06-22 10:05:35 - [MESSAGE][PASSED] - Keys 'ENTER + ' sent to object: 'Object Repository/input_j_password'

2018-06-22 10:05:35 - [TEST_STEP][PASSED] - waitForPageLoad: Wait for page load successfully

2018-06-22 10:05:35 - [MESSAGE][WARNING] - Timeout '0' is invalid. Using default page load timeout: '30'

2018-06-22 10:05:36 - [MESSAGE][PASSED] - Wait for page load successfully

2018-06-22 10:05:36 - [TEST_STEP][PASSED] - click: Object: 'Object Repository/a_Crear Ausencia' is clicked on

2018-06-22 10:05:38 - [MESSAGE][PASSED] - Object: 'Object Repository/a_Crear Ausencia' is clicked on

2018-06-22 10:05:38 - [TEST_STEP][FAILED] - setText: Unable to set text '2018-06-19' of object 'Object Repository/input_input-block-levelFechaFinal' (Root cause: com.kms.katalon.core.webui.exception.WebElementNotFoundException: Web element with id: 'Object Repository/input_input-block-levelFechaFinal' located by 'By.xpath: id("div_9")/div[@class="control-group"]/div[@class="controls"]/input[@class="input-block-level"]' not found)

2018-06-22 10:06:14 - [MESSAGE][FAILED] - Unable to set text '2018-06-19' of object 'Object Repository/input_input-block-levelFechaFinal' (Root cause: com.kms.katalon.core.webui.exception.WebElementNotFoundException: Web element with id: 'Object Repository/input_input-block-levelFechaFinal' located by 'By.xpath: id("div_9")/div[@class="control-group"]/div[@class="controls"]/input[@class="input-block-level"]' not found)
[[ATTACHMENT|C:\\Users\\admin\\Katalon Studio\\crear ausencias\\Reports\\New Test Suite\\20180622_095904\\1529654773493.png]]]]></system-out>
         <system-err><![CDATA[2018-06-22 10:05:15 - [TEST_CASE][FAILED] - Test Cases/3FechaIncorrecta: Test Cases/3FechaIncorrecta FAILED because (of) Unable to set text '2018-06-19' of object 'Object Repository/input_input-block-levelFechaFinal' (Root cause: com.kms.katalon.core.webui.exception.WebElementNotFoundException: Web element with id: 'Object Repository/input_input-block-levelFechaFinal' located by 'By.xpath: id("div_9")/div[@class="control-group"]/div[@class="controls"]/input[@class="input-block-level"]' not found)]]></system-err>
      </testcase>
      <system-out><![CDATA[2018-06-22 10:02:34 - [TEST_SUITE][FAILED] - New Test Suite: Test Cases/3FechaIncorrecta FAILED because (of) Unable to set text '2018-06-19' of object 'Object Repository/input_input-block-levelFechaFinal' (Root cause: com.kms.katalon.core.webui.exception.WebElementNotFoundException: Web element with id: 'Object Repository/input_input-block-levelFechaFinal' located by 'By.xpath: id("div_9")/div[@class="control-group"]/div[@class="controls"]/input[@class="input-block-level"]' not found)]]></system-out>
      <system-err><![CDATA[2018-06-22 10:02:34 - [TEST_SUITE][FAILED] - New Test Suite: Test Cases/3FechaIncorrecta FAILED because (of) Unable to set text '2018-06-19' of object 'Object Repository/input_input-block-levelFechaFinal' (Root cause: com.kms.katalon.core.webui.exception.WebElementNotFoundException: Web element with id: 'Object Repository/input_input-block-levelFechaFinal' located by 'By.xpath: id("div_9")/div[@class="control-group"]/div[@class="controls"]/input[@class="input-block-level"]' not found)]]></system-err>
   </testsuite>
</testsuites>
