<?xml version="1.0" encoding="UTF-8"?>
<testsuites name="New Test Suite" time="229" tests="4" failures="1" errors="0">
   <testsuite name="New Test Suite" tests="4" failures="1" errors="0" time="229" timestamp="2018-06-22 12:52:57" hostname="admin - LAPTOP-MGAQBN3O" id="Test Suites/New Test Suite">
      <properties>
         <property name="deviceName" value=""/>
         <property name="devicePlatform" value=""/>
         <property name="logFolder" value="C:\\Users\\admin\\Katalon Studio\\crear ausencias\\Reports\\New Test Suite\\20180622_124913"/>
         <property name="logFiles" value="C:\\Users\\admin\\Katalon Studio\\crear ausencias\\Reports\\New Test Suite\\20180622_124913\\execution0.log"/>
         <property name="attachments" value="C:\\Users\\admin\\Katalon Studio\\crear ausencias\\Reports\\New Test Suite\\20180622_124913\\1529665001963.png"/>
         <property name="hostName" value="admin - LAPTOP-MGAQBN3O"/>
         <property name="os" value="Windows 10 64bit"/>
         <property name="katalonVersion" value="5.4.2.1"/>
         <property name="browser" value="Chrome 67.0.3396.87"/>
         <property name="hostAddress" value="192.168.6.110"/>
         <property name="sessionId" value="26b67459c1cd6a7c00c9087580df6708"/>
         <property name="seleniumVersion" value="3.7.1"/>
         <property name="proxyInformation" value="ProxyInformation{proxyOption=NO_PROXY, proxyServerType=HTTP, password=, proxyServerAddress=, proxyServerPort=0}"/>
         <property name="platform" value="Windows 10"/>
      </properties>
      <testcase name="Test Cases/1login" classname="Test Cases/1login" status="PASSED">
         <system-out><![CDATA[2018-06-22 12:52:57 - [TEST_CASE][PASSED] - Test Cases/1login: Test Cases/1login

2018-06-22 12:52:58 - [TEST_STEP][PASSED] - openBrowser: Browser is opened with url: 'https://sayes-des:9443/ProcessPortal/login.jsp'

2018-06-22 12:53:05 - [MESSAGE][PASSED] - Browser is opened with url: 'https://sayes-des:9443/ProcessPortal/login.jsp'

2018-06-22 12:53:05 - [TEST_STEP][PASSED] - waitForPageLoad: Wait for page load successfully

2018-06-22 12:53:05 - [MESSAGE][WARNING] - Timeout '0' is invalid. Using default page load timeout: '30'

2018-06-22 12:53:06 - [MESSAGE][PASSED] - Wait for page load successfully

2018-06-22 12:53:06 - [TEST_STEP][PASSED] - setText: Text 'aperez' is set on object 'Object Repository/input_j_username'

2018-06-22 12:53:10 - [MESSAGE][PASSED] - Text 'aperez' is set on object 'Object Repository/input_j_username'

2018-06-22 12:53:10 - [TEST_STEP][PASSED] - setText: Text 'Ab123456' is set on object 'Object Repository/input_j_password'

2018-06-22 12:53:14 - [MESSAGE][PASSED] - Text 'Ab123456' is set on object 'Object Repository/input_j_password'

2018-06-22 12:53:14 - [TEST_STEP][PASSED] - sendKeys: Keys 'ENTER + ' sent to object: 'Object Repository/input_j_password'

2018-06-22 12:53:18 - [MESSAGE][PASSED] - Keys 'ENTER + ' sent to object: 'Object Repository/input_j_password'

2018-06-22 12:53:18 - [TEST_STEP][PASSED] - waitForPageLoad: Wait for page load successfully

2018-06-22 12:53:18 - [MESSAGE][WARNING] - Timeout '0' is invalid. Using default page load timeout: '30'

2018-06-22 12:53:19 - [MESSAGE][PASSED] - Wait for page load successfully

2018-06-22 12:53:19 - [TEST_STEP][PASSED] - verifyElementPresent: Object 'Object Repository/a_Acacio Perez' is present

2018-06-22 12:53:19 - [MESSAGE][WARNING] - Timeout '0' is invalid. Using default page load timeout: '30'

2018-06-22 12:53:20 - [MESSAGE][PASSED] - Object 'Object Repository/a_Acacio Perez' is present

2018-06-22 12:53:20 - [TEST_STEP][PASSED] - closeBrowser: Browser is closed

2018-06-22 12:53:22 - [MESSAGE][PASSED] - Browser is closed]]></system-out>
         <system-err><![CDATA[]]></system-err>
      </testcase>
      <testcase name="Test Cases/2CampoObligatorioSinRellenar" classname="Test Cases/2CampoObligatorioSinRellenar" status="PASSED">
         <system-out><![CDATA[2018-06-22 12:53:24 - [TEST_CASE][PASSED] - Test Cases/2CampoObligatorioSinRellenar: Test Cases/2CampoObligatorioSinRellenar

2018-06-22 12:53:24 - [TEST_STEP][PASSED] - openBrowser: Browser is opened with url: 'https://sayes-des:9443/ProcessPortal/login.jsp'

2018-06-22 12:53:30 - [MESSAGE][PASSED] - Browser is opened with url: 'https://sayes-des:9443/ProcessPortal/login.jsp'

2018-06-22 12:53:30 - [TEST_STEP][PASSED] - waitForPageLoad: Wait for page load successfully

2018-06-22 12:53:30 - [MESSAGE][WARNING] - Timeout '0' is invalid. Using default page load timeout: '30'

2018-06-22 12:53:31 - [MESSAGE][PASSED] - Wait for page load successfully

2018-06-22 12:53:31 - [TEST_STEP][PASSED] - setText: Text 'aperez' is set on object 'Object Repository/input_j_username'

2018-06-22 12:53:35 - [MESSAGE][PASSED] - Text 'aperez' is set on object 'Object Repository/input_j_username'

2018-06-22 12:53:35 - [TEST_STEP][PASSED] - setText: Text 'Ab123456' is set on object 'Object Repository/input_j_password'

2018-06-22 12:53:39 - [MESSAGE][PASSED] - Text 'Ab123456' is set on object 'Object Repository/input_j_password'

2018-06-22 12:53:39 - [TEST_STEP][PASSED] - sendKeys: Keys 'ENTER + ' sent to object: 'Object Repository/input_j_password'

2018-06-22 12:53:43 - [MESSAGE][PASSED] - Keys 'ENTER + ' sent to object: 'Object Repository/input_j_password'

2018-06-22 12:53:43 - [TEST_STEP][PASSED] - waitForPageLoad: Wait for page load successfully

2018-06-22 12:53:43 - [MESSAGE][WARNING] - Timeout '0' is invalid. Using default page load timeout: '30'

2018-06-22 12:53:44 - [MESSAGE][PASSED] - Wait for page load successfully

2018-06-22 12:53:44 - [TEST_STEP][PASSED] - click: Object: 'Object Repository/a_Crear Ausencia' is clicked on

2018-06-22 12:53:47 - [MESSAGE][PASSED] - Object: 'Object Repository/a_Crear Ausencia' is clicked on

2018-06-22 12:53:47 - [TEST_STEP][PASSED] - click: Object: 'Object Repository/button_ACEPTAR' is clicked on

2018-06-22 12:53:51 - [MESSAGE][PASSED] - Object: 'Object Repository/button_ACEPTAR' is clicked on

2018-06-22 12:53:53 - [TEST_STEP][PASSED] - verifyElementPresent: Object 'Object Repository/font_Validation Error' is present

2018-06-22 12:53:53 - [MESSAGE][WARNING] - Timeout '0' is invalid. Using default page load timeout: '30'

2018-06-22 12:53:55 - [MESSAGE][WARNING] - Timeout '0' is invalid. Using default page load timeout: '30'

2018-06-22 12:53:56 - [MESSAGE][PASSED] - Object 'Object Repository/font_Validation Error' is present

2018-06-22 12:53:58 - [TEST_STEP][PASSED] - closeBrowser: Browser is closed

2018-06-22 12:54:00 - [MESSAGE][PASSED] - Browser is closed]]></system-out>
         <system-err><![CDATA[]]></system-err>
      </testcase>
      <testcase name="Test Cases/5SolicitudCorrectaDiferenteMotivo" classname="Test Cases/5SolicitudCorrectaDiferenteMotivo" status="PASSED">
         <system-out><![CDATA[2018-06-22 12:54:02 - [TEST_CASE][PASSED] - Test Cases/5SolicitudCorrectaDiferenteMotivo: Test Cases/5SolicitudCorrectaDiferenteMotivo

2018-06-22 12:54:02 - [TEST_STEP][PASSED] - openBrowser: Browser is opened with url: 'https://sayes-des:9443/ProcessPortal/login.jsp'

2018-06-22 12:54:08 - [MESSAGE][PASSED] - Browser is opened with url: 'https://sayes-des:9443/ProcessPortal/login.jsp'

2018-06-22 12:54:08 - [TEST_STEP][PASSED] - waitForPageLoad: Wait for page load successfully

2018-06-22 12:54:08 - [MESSAGE][WARNING] - Timeout '0' is invalid. Using default page load timeout: '30'

2018-06-22 12:54:09 - [MESSAGE][PASSED] - Wait for page load successfully

2018-06-22 12:54:09 - [TEST_STEP][PASSED] - setText: Text 'aperez' is set on object 'Object Repository/input_j_username'

2018-06-22 12:54:13 - [MESSAGE][PASSED] - Text 'aperez' is set on object 'Object Repository/input_j_username'

2018-06-22 12:54:13 - [TEST_STEP][PASSED] - setText: Text 'Ab123456' is set on object 'Object Repository/input_j_password'

2018-06-22 12:54:17 - [MESSAGE][PASSED] - Text 'Ab123456' is set on object 'Object Repository/input_j_password'

2018-06-22 12:54:17 - [TEST_STEP][PASSED] - sendKeys: Keys 'ENTER + ' sent to object: 'Object Repository/input_j_password'

2018-06-22 12:54:21 - [MESSAGE][PASSED] - Keys 'ENTER + ' sent to object: 'Object Repository/input_j_password'

2018-06-22 12:54:21 - [TEST_STEP][PASSED] - waitForPageLoad: Wait for page load successfully

2018-06-22 12:54:21 - [MESSAGE][WARNING] - Timeout '0' is invalid. Using default page load timeout: '30'

2018-06-22 12:54:22 - [MESSAGE][PASSED] - Wait for page load successfully

2018-06-22 12:54:22 - [TEST_STEP][PASSED] - click: Object: 'Object Repository/a_Crear Ausencia' is clicked on

2018-06-22 12:54:24 - [MESSAGE][PASSED] - Object: 'Object Repository/a_Crear Ausencia' is clicked on

2018-06-22 12:54:24 - [TEST_STEP][PASSED] - selectOptionByIndex: All options with index in [3] are selected on object 'Object Repository/select_--Select--motivoAusencia'

2018-06-22 12:54:37 - [MESSAGE][PASSED] - All options with index in [3] are selected on object 'Object Repository/select_--Select--motivoAusencia'

2018-06-22 12:54:39 - [TEST_STEP][PASSED] - click: Object: 'Object Repository/button_ACEPTAR' is clicked on

2018-06-22 12:54:43 - [MESSAGE][PASSED] - Object: 'Object Repository/button_ACEPTAR' is clicked on

2018-06-22 12:54:45 - [TEST_STEP][PASSED] - click: Object: 'Object Repository/button_CONFIRMAR' is clicked on

2018-06-22 12:54:50 - [MESSAGE][PASSED] - Object: 'Object Repository/button_CONFIRMAR' is clicked on

2018-06-22 12:54:53 - [TEST_STEP][PASSED] - verifyElementPresent: Object 'Object Repository/a_Crear Ausencia' is present

2018-06-22 12:54:53 - [MESSAGE][WARNING] - Timeout '0' is invalid. Using default page load timeout: '30'

2018-06-22 12:54:54 - [MESSAGE][PASSED] - Object 'Object Repository/a_Crear Ausencia' is present

2018-06-22 12:54:54 - [TEST_STEP][PASSED] - closeBrowser: Browser is closed

2018-06-22 12:54:56 - [MESSAGE][PASSED] - Browser is closed]]></system-out>
         <system-err><![CDATA[]]></system-err>
      </testcase>
      <testcase name="Test Cases/4SolicitudCorrecta" classname="Test Cases/4SolicitudCorrecta" status="PASSED">
         <system-out><![CDATA[2018-06-22 12:54:58 - [TEST_CASE][PASSED] - Test Cases/4SolicitudCorrecta: Test Cases/4SolicitudCorrecta

2018-06-22 12:54:58 - [TEST_STEP][PASSED] - openBrowser: Browser is opened with url: 'https://sayes-des:9443/ProcessPortal/login.jsp'

2018-06-22 12:55:04 - [MESSAGE][PASSED] - Browser is opened with url: 'https://sayes-des:9443/ProcessPortal/login.jsp'

2018-06-22 12:55:04 - [TEST_STEP][PASSED] - waitForPageLoad: Wait for page load successfully

2018-06-22 12:55:04 - [MESSAGE][WARNING] - Timeout '0' is invalid. Using default page load timeout: '30'

2018-06-22 12:55:05 - [MESSAGE][PASSED] - Wait for page load successfully

2018-06-22 12:55:05 - [TEST_STEP][PASSED] - setText: Text 'aperez' is set on object 'Object Repository/input_j_username'

2018-06-22 12:55:09 - [MESSAGE][PASSED] - Text 'aperez' is set on object 'Object Repository/input_j_username'

2018-06-22 12:55:09 - [TEST_STEP][PASSED] - setText: Text 'Ab123456' is set on object 'Object Repository/input_j_password'

2018-06-22 12:55:13 - [MESSAGE][PASSED] - Text 'Ab123456' is set on object 'Object Repository/input_j_password'

2018-06-22 12:55:13 - [TEST_STEP][PASSED] - sendKeys: Keys 'ENTER + ' sent to object: 'Object Repository/input_j_password'

2018-06-22 12:55:17 - [MESSAGE][PASSED] - Keys 'ENTER + ' sent to object: 'Object Repository/input_j_password'

2018-06-22 12:55:17 - [TEST_STEP][PASSED] - waitForPageLoad: Wait for page load successfully

2018-06-22 12:55:17 - [MESSAGE][WARNING] - Timeout '0' is invalid. Using default page load timeout: '30'

2018-06-22 12:55:18 - [MESSAGE][PASSED] - Wait for page load successfully

2018-06-22 12:55:18 - [TEST_STEP][PASSED] - click: Object: 'Object Repository/a_Crear Ausencia' is clicked on

2018-06-22 12:55:20 - [MESSAGE][PASSED] - Object: 'Object Repository/a_Crear Ausencia' is clicked on

2018-06-22 12:55:20 - [TEST_STEP][PASSED] - click: Object: 'Object Repository/input_ao de cargoao de cargo obligatorio' is clicked on

2018-06-22 12:55:24 - [MESSAGE][PASSED] - Object: 'Object Repository/input_ao de cargoao de cargo obligatorio' is clicked on

2018-06-22 12:55:26 - [TEST_STEP][PASSED] - click: Object: 'Object Repository/button_ACEPTAR' is clicked on

2018-06-22 12:55:31 - [MESSAGE][PASSED] - Object: 'Object Repository/button_ACEPTAR' is clicked on

2018-06-22 12:55:33 - [TEST_STEP][PASSED] - click: Object: 'Object Repository/button_CONFIRMAR' is clicked on

2018-06-22 12:55:37 - [MESSAGE][PASSED] - Object: 'Object Repository/button_CONFIRMAR' is clicked on

2018-06-22 12:55:40 - [TEST_STEP][PASSED] - verifyElementPresent: Object 'Object Repository/a_Crear Ausencia' is present

2018-06-22 12:55:40 - [MESSAGE][WARNING] - Timeout '0' is invalid. Using default page load timeout: '30'

2018-06-22 12:55:41 - [MESSAGE][PASSED] - Object 'Object Repository/a_Crear Ausencia' is present

2018-06-22 12:55:41 - [TEST_STEP][PASSED] - closeBrowser: Browser is closed

2018-06-22 12:55:42 - [MESSAGE][PASSED] - Browser is closed]]></system-out>
         <system-err><![CDATA[]]></system-err>
      </testcase>
      <testcase name="Test Cases/3FechaIncorrecta" classname="Test Cases/3FechaIncorrecta" status="FAILED">
         <failure type="FAILED" message="Unable to set text '2018-06-19' of object 'Object Repository/input_input-block-levelFechaFinal' (Root cause: com.kms.katalon.core.webui.exception.WebElementNotFoundException: Web element with id: 'Object Repository/input_input-block-levelFechaFinal' located by 'By.xpath: id(&quot;div_9&quot;)/div[@class=&quot;control-group&quot;]/div[@class=&quot;controls&quot;]/input[@class=&quot;input-block-level&quot;]' not found)"/>
         <system-out><![CDATA[2018-06-22 12:55:45 - [TEST_CASE][FAILED] - Test Cases/3FechaIncorrecta: Test Cases/3FechaIncorrecta FAILED because (of) Unable to set text '2018-06-19' of object 'Object Repository/input_input-block-levelFechaFinal' (Root cause: com.kms.katalon.core.webui.exception.WebElementNotFoundException: Web element with id: 'Object Repository/input_input-block-levelFechaFinal' located by 'By.xpath: id("div_9")/div[@class="control-group"]/div[@class="controls"]/input[@class="input-block-level"]' not found)

2018-06-22 12:55:45 - [TEST_STEP][PASSED] - openBrowser: Browser is opened with url: 'https://sayes-des:9443/ProcessPortal/login.jsp'

2018-06-22 12:55:51 - [MESSAGE][PASSED] - Browser is opened with url: 'https://sayes-des:9443/ProcessPortal/login.jsp'

2018-06-22 12:55:51 - [TEST_STEP][PASSED] - waitForPageLoad: Wait for page load successfully

2018-06-22 12:55:51 - [MESSAGE][WARNING] - Timeout '0' is invalid. Using default page load timeout: '30'

2018-06-22 12:55:52 - [MESSAGE][PASSED] - Wait for page load successfully

2018-06-22 12:55:52 - [TEST_STEP][PASSED] - setText: Text 'aperez' is set on object 'Object Repository/input_j_username'

2018-06-22 12:55:56 - [MESSAGE][PASSED] - Text 'aperez' is set on object 'Object Repository/input_j_username'

2018-06-22 12:55:56 - [TEST_STEP][PASSED] - setText: Text 'Ab123456' is set on object 'Object Repository/input_j_password'

2018-06-22 12:56:00 - [MESSAGE][PASSED] - Text 'Ab123456' is set on object 'Object Repository/input_j_password'

2018-06-22 12:56:00 - [TEST_STEP][PASSED] - sendKeys: Keys 'ENTER + ' sent to object: 'Object Repository/input_j_password'

2018-06-22 12:56:04 - [MESSAGE][PASSED] - Keys 'ENTER + ' sent to object: 'Object Repository/input_j_password'

2018-06-22 12:56:04 - [TEST_STEP][PASSED] - waitForPageLoad: Wait for page load successfully

2018-06-22 12:56:04 - [MESSAGE][WARNING] - Timeout '0' is invalid. Using default page load timeout: '30'

2018-06-22 12:56:05 - [MESSAGE][PASSED] - Wait for page load successfully

2018-06-22 12:56:05 - [TEST_STEP][PASSED] - click: Object: 'Object Repository/a_Crear Ausencia' is clicked on

2018-06-22 12:56:07 - [MESSAGE][PASSED] - Object: 'Object Repository/a_Crear Ausencia' is clicked on

2018-06-22 12:56:07 - [TEST_STEP][FAILED] - setText: Unable to set text '2018-06-19' of object 'Object Repository/input_input-block-levelFechaFinal' (Root cause: com.kms.katalon.core.webui.exception.WebElementNotFoundException: Web element with id: 'Object Repository/input_input-block-levelFechaFinal' located by 'By.xpath: id("div_9")/div[@class="control-group"]/div[@class="controls"]/input[@class="input-block-level"]' not found)

2018-06-22 12:56:43 - [MESSAGE][FAILED] - Unable to set text '2018-06-19' of object 'Object Repository/input_input-block-levelFechaFinal' (Root cause: com.kms.katalon.core.webui.exception.WebElementNotFoundException: Web element with id: 'Object Repository/input_input-block-levelFechaFinal' located by 'By.xpath: id("div_9")/div[@class="control-group"]/div[@class="controls"]/input[@class="input-block-level"]' not found)
[[ATTACHMENT|C:\\Users\\admin\\Katalon Studio\\crear ausencias\\Reports\\New Test Suite\\20180622_124913\\1529665001963.png]]]]></system-out>
         <system-err><![CDATA[2018-06-22 12:55:45 - [TEST_CASE][FAILED] - Test Cases/3FechaIncorrecta: Test Cases/3FechaIncorrecta FAILED because (of) Unable to set text '2018-06-19' of object 'Object Repository/input_input-block-levelFechaFinal' (Root cause: com.kms.katalon.core.webui.exception.WebElementNotFoundException: Web element with id: 'Object Repository/input_input-block-levelFechaFinal' located by 'By.xpath: id("div_9")/div[@class="control-group"]/div[@class="controls"]/input[@class="input-block-level"]' not found)]]></system-err>
      </testcase>
      <system-out><![CDATA[2018-06-22 12:52:57 - [TEST_SUITE][FAILED] - New Test Suite: Test Cases/3FechaIncorrecta FAILED because (of) Unable to set text '2018-06-19' of object 'Object Repository/input_input-block-levelFechaFinal' (Root cause: com.kms.katalon.core.webui.exception.WebElementNotFoundException: Web element with id: 'Object Repository/input_input-block-levelFechaFinal' located by 'By.xpath: id("div_9")/div[@class="control-group"]/div[@class="controls"]/input[@class="input-block-level"]' not found)]]></system-out>
      <system-err><![CDATA[2018-06-22 12:52:57 - [TEST_SUITE][FAILED] - New Test Suite: Test Cases/3FechaIncorrecta FAILED because (of) Unable to set text '2018-06-19' of object 'Object Repository/input_input-block-levelFechaFinal' (Root cause: com.kms.katalon.core.webui.exception.WebElementNotFoundException: Web element with id: 'Object Repository/input_input-block-levelFechaFinal' located by 'By.xpath: id("div_9")/div[@class="control-group"]/div[@class="controls"]/input[@class="input-block-level"]' not found)]]></system-err>
   </testsuite>
</testsuites>
