<?xml version="1.0" encoding="UTF-8"?>
<testsuites name="New Test Suite" time="232" tests="4" failures="1" errors="0">
   <testsuite name="New Test Suite" tests="4" failures="1" errors="0" time="232" timestamp="2018-06-22 14:23:46" hostname="admin - LAPTOP-MGAQBN3O" id="Test Suites/New Test Suite">
      <properties>
         <property name="deviceName" value=""/>
         <property name="devicePlatform" value=""/>
         <property name="logFolder" value="C:\\Users\\admin\\Katalon Studio\\crear ausencias\\Reports\\New Test Suite\\20180622_142343"/>
         <property name="logFiles" value="C:\\Users\\admin\\Katalon Studio\\crear ausencias\\Reports\\New Test Suite\\20180622_142343\\execution0.log"/>
         <property name="attachments" value="C:\\Users\\admin\\Katalon Studio\\crear ausencias\\Reports\\New Test Suite\\20180622_142343\\1529670453790.png"/>
         <property name="hostName" value="admin - LAPTOP-MGAQBN3O"/>
         <property name="os" value="Windows 10 64bit"/>
         <property name="katalonVersion" value="5.4.2.1"/>
         <property name="browser" value="Chrome 67.0.3396.87"/>
         <property name="hostAddress" value="192.168.6.110"/>
         <property name="sessionId" value="acf8757a9629303548e684a855a9cb83"/>
         <property name="seleniumVersion" value="3.7.1"/>
         <property name="proxyInformation" value="ProxyInformation{proxyOption=NO_PROXY, proxyServerType=HTTP, password=, proxyServerAddress=, proxyServerPort=0}"/>
         <property name="platform" value="Windows 10"/>
      </properties>
      <testcase name="Test Cases/1login" classname="Test Cases/1login" status="PASSED">
         <system-out><![CDATA[2018-06-22 14:23:46 - [TEST_CASE][PASSED] - Test Cases/1login: Test Cases/1login

2018-06-22 14:23:48 - [TEST_STEP][PASSED] - openBrowser: Browser is opened with url: 'https://sayes-des:9443/ProcessPortal/login.jsp'

2018-06-22 14:23:55 - [MESSAGE][PASSED] - Browser is opened with url: 'https://sayes-des:9443/ProcessPortal/login.jsp'

2018-06-22 14:23:55 - [TEST_STEP][PASSED] - waitForPageLoad: Wait for page load successfully

2018-06-22 14:23:55 - [MESSAGE][WARNING] - Timeout '0' is invalid. Using default page load timeout: '30'

2018-06-22 14:23:56 - [MESSAGE][PASSED] - Wait for page load successfully

2018-06-22 14:23:56 - [TEST_STEP][PASSED] - setText: Text 'aperez' is set on object 'Object Repository/input_j_username'

2018-06-22 14:24:01 - [MESSAGE][PASSED] - Text 'aperez' is set on object 'Object Repository/input_j_username'

2018-06-22 14:24:01 - [TEST_STEP][PASSED] - setText: Text 'Ab123456' is set on object 'Object Repository/input_j_password'

2018-06-22 14:24:05 - [MESSAGE][PASSED] - Text 'Ab123456' is set on object 'Object Repository/input_j_password'

2018-06-22 14:24:05 - [TEST_STEP][PASSED] - sendKeys: Keys 'ENTER + ' sent to object: 'Object Repository/input_j_password'

2018-06-22 14:24:08 - [MESSAGE][PASSED] - Keys 'ENTER + ' sent to object: 'Object Repository/input_j_password'

2018-06-22 14:24:08 - [TEST_STEP][PASSED] - waitForPageLoad: Wait for page load successfully

2018-06-22 14:24:09 - [MESSAGE][WARNING] - Timeout '0' is invalid. Using default page load timeout: '30'

2018-06-22 14:24:10 - [MESSAGE][PASSED] - Wait for page load successfully

2018-06-22 14:24:10 - [TEST_STEP][PASSED] - verifyElementPresent: Object 'Object Repository/a_Acacio Perez' is present

2018-06-22 14:24:10 - [MESSAGE][WARNING] - Timeout '0' is invalid. Using default page load timeout: '30'

2018-06-22 14:24:11 - [MESSAGE][PASSED] - Object 'Object Repository/a_Acacio Perez' is present

2018-06-22 14:24:11 - [TEST_STEP][PASSED] - closeBrowser: Browser is closed

2018-06-22 14:24:12 - [MESSAGE][PASSED] - Browser is closed]]></system-out>
         <system-err><![CDATA[]]></system-err>
      </testcase>
      <testcase name="Test Cases/2CampoObligatorioSinRellenar" classname="Test Cases/2CampoObligatorioSinRellenar" status="PASSED">
         <system-out><![CDATA[2018-06-22 14:24:14 - [TEST_CASE][PASSED] - Test Cases/2CampoObligatorioSinRellenar: Test Cases/2CampoObligatorioSinRellenar

2018-06-22 14:24:15 - [TEST_STEP][PASSED] - openBrowser: Browser is opened with url: 'https://sayes-des:9443/ProcessPortal/login.jsp'

2018-06-22 14:24:20 - [MESSAGE][PASSED] - Browser is opened with url: 'https://sayes-des:9443/ProcessPortal/login.jsp'

2018-06-22 14:24:20 - [TEST_STEP][PASSED] - waitForPageLoad: Wait for page load successfully

2018-06-22 14:24:20 - [MESSAGE][WARNING] - Timeout '0' is invalid. Using default page load timeout: '30'

2018-06-22 14:24:21 - [MESSAGE][PASSED] - Wait for page load successfully

2018-06-22 14:24:21 - [TEST_STEP][PASSED] - setText: Text 'aperez' is set on object 'Object Repository/input_j_username'

2018-06-22 14:24:25 - [MESSAGE][PASSED] - Text 'aperez' is set on object 'Object Repository/input_j_username'

2018-06-22 14:24:25 - [TEST_STEP][PASSED] - setText: Text 'Ab123456' is set on object 'Object Repository/input_j_password'

2018-06-22 14:24:30 - [MESSAGE][PASSED] - Text 'Ab123456' is set on object 'Object Repository/input_j_password'

2018-06-22 14:24:30 - [TEST_STEP][PASSED] - sendKeys: Keys 'ENTER + ' sent to object: 'Object Repository/input_j_password'

2018-06-22 14:24:33 - [MESSAGE][PASSED] - Keys 'ENTER + ' sent to object: 'Object Repository/input_j_password'

2018-06-22 14:24:33 - [TEST_STEP][PASSED] - waitForPageLoad: Wait for page load successfully

2018-06-22 14:24:33 - [MESSAGE][WARNING] - Timeout '0' is invalid. Using default page load timeout: '30'

2018-06-22 14:24:34 - [MESSAGE][PASSED] - Wait for page load successfully

2018-06-22 14:24:34 - [TEST_STEP][PASSED] - click: Object: 'Object Repository/a_Crear Ausencia' is clicked on

2018-06-22 14:24:36 - [MESSAGE][PASSED] - Object: 'Object Repository/a_Crear Ausencia' is clicked on

2018-06-22 14:24:36 - [TEST_STEP][PASSED] - click: Object: 'Object Repository/button_ACEPTAR' is clicked on

2018-06-22 14:24:41 - [MESSAGE][PASSED] - Object: 'Object Repository/button_ACEPTAR' is clicked on

2018-06-22 14:24:43 - [TEST_STEP][PASSED] - verifyElementPresent: Object 'Object Repository/font_Validation Error' is present

2018-06-22 14:24:43 - [MESSAGE][WARNING] - Timeout '0' is invalid. Using default page load timeout: '30'

2018-06-22 14:24:45 - [MESSAGE][WARNING] - Timeout '0' is invalid. Using default page load timeout: '30'

2018-06-22 14:24:46 - [MESSAGE][PASSED] - Object 'Object Repository/font_Validation Error' is present

2018-06-22 14:24:48 - [TEST_STEP][PASSED] - closeBrowser: Browser is closed

2018-06-22 14:24:50 - [MESSAGE][PASSED] - Browser is closed]]></system-out>
         <system-err><![CDATA[]]></system-err>
      </testcase>
      <testcase name="Test Cases/5SolicitudCorrectaDiferenteMotivo" classname="Test Cases/5SolicitudCorrectaDiferenteMotivo" status="PASSED">
         <system-out><![CDATA[2018-06-22 14:24:52 - [TEST_CASE][PASSED] - Test Cases/5SolicitudCorrectaDiferenteMotivo: Test Cases/5SolicitudCorrectaDiferenteMotivo

2018-06-22 14:24:52 - [TEST_STEP][PASSED] - openBrowser: Browser is opened with url: 'https://sayes-des:9443/ProcessPortal/login.jsp'

2018-06-22 14:24:57 - [MESSAGE][PASSED] - Browser is opened with url: 'https://sayes-des:9443/ProcessPortal/login.jsp'

2018-06-22 14:24:57 - [TEST_STEP][PASSED] - waitForPageLoad: Wait for page load successfully

2018-06-22 14:24:57 - [MESSAGE][WARNING] - Timeout '0' is invalid. Using default page load timeout: '30'

2018-06-22 14:24:58 - [MESSAGE][PASSED] - Wait for page load successfully

2018-06-22 14:24:58 - [TEST_STEP][PASSED] - setText: Text 'aperez' is set on object 'Object Repository/input_j_username'

2018-06-22 14:25:03 - [MESSAGE][PASSED] - Text 'aperez' is set on object 'Object Repository/input_j_username'

2018-06-22 14:25:03 - [TEST_STEP][PASSED] - setText: Text 'Ab123456' is set on object 'Object Repository/input_j_password'

2018-06-22 14:25:07 - [MESSAGE][PASSED] - Text 'Ab123456' is set on object 'Object Repository/input_j_password'

2018-06-22 14:25:07 - [TEST_STEP][PASSED] - sendKeys: Keys 'ENTER + ' sent to object: 'Object Repository/input_j_password'

2018-06-22 14:25:10 - [MESSAGE][PASSED] - Keys 'ENTER + ' sent to object: 'Object Repository/input_j_password'

2018-06-22 14:25:10 - [TEST_STEP][PASSED] - waitForPageLoad: Wait for page load successfully

2018-06-22 14:25:10 - [MESSAGE][WARNING] - Timeout '0' is invalid. Using default page load timeout: '30'

2018-06-22 14:25:11 - [MESSAGE][PASSED] - Wait for page load successfully

2018-06-22 14:25:11 - [TEST_STEP][PASSED] - click: Object: 'Object Repository/a_Crear Ausencia' is clicked on

2018-06-22 14:25:14 - [MESSAGE][PASSED] - Object: 'Object Repository/a_Crear Ausencia' is clicked on

2018-06-22 14:25:14 - [TEST_STEP][PASSED] - selectOptionByIndex: All options with index in [3] are selected on object 'Object Repository/select_--Select--motivoAusencia'

2018-06-22 14:25:27 - [MESSAGE][PASSED] - All options with index in [3] are selected on object 'Object Repository/select_--Select--motivoAusencia'

2018-06-22 14:25:29 - [TEST_STEP][PASSED] - click: Object: 'Object Repository/button_ACEPTAR' is clicked on

2018-06-22 14:25:33 - [MESSAGE][PASSED] - Object: 'Object Repository/button_ACEPTAR' is clicked on

2018-06-22 14:25:35 - [TEST_STEP][PASSED] - click: Object: 'Object Repository/button_CONFIRMAR' is clicked on

2018-06-22 14:25:40 - [MESSAGE][PASSED] - Object: 'Object Repository/button_CONFIRMAR' is clicked on

2018-06-22 14:25:44 - [TEST_STEP][PASSED] - verifyElementPresent: Object 'Object Repository/a_Crear Ausencia' is present

2018-06-22 14:25:44 - [MESSAGE][WARNING] - Timeout '0' is invalid. Using default page load timeout: '30'

2018-06-22 14:25:45 - [MESSAGE][PASSED] - Object 'Object Repository/a_Crear Ausencia' is present

2018-06-22 14:25:45 - [TEST_STEP][PASSED] - closeBrowser: Browser is closed

2018-06-22 14:25:47 - [MESSAGE][PASSED] - Browser is closed]]></system-out>
         <system-err><![CDATA[]]></system-err>
      </testcase>
      <testcase name="Test Cases/4SolicitudCorrecta" classname="Test Cases/4SolicitudCorrecta" status="PASSED">
         <system-out><![CDATA[2018-06-22 14:25:49 - [TEST_CASE][PASSED] - Test Cases/4SolicitudCorrecta: Test Cases/4SolicitudCorrecta

2018-06-22 14:25:49 - [TEST_STEP][PASSED] - openBrowser: Browser is opened with url: 'https://sayes-des:9443/ProcessPortal/login.jsp'

2018-06-22 14:25:55 - [MESSAGE][PASSED] - Browser is opened with url: 'https://sayes-des:9443/ProcessPortal/login.jsp'

2018-06-22 14:25:55 - [TEST_STEP][PASSED] - waitForPageLoad: Wait for page load successfully

2018-06-22 14:25:55 - [MESSAGE][WARNING] - Timeout '0' is invalid. Using default page load timeout: '30'

2018-06-22 14:25:56 - [MESSAGE][PASSED] - Wait for page load successfully

2018-06-22 14:25:56 - [TEST_STEP][PASSED] - setText: Text 'aperez' is set on object 'Object Repository/input_j_username'

2018-06-22 14:26:00 - [MESSAGE][PASSED] - Text 'aperez' is set on object 'Object Repository/input_j_username'

2018-06-22 14:26:00 - [TEST_STEP][PASSED] - setText: Text 'Ab123456' is set on object 'Object Repository/input_j_password'

2018-06-22 14:26:04 - [MESSAGE][PASSED] - Text 'Ab123456' is set on object 'Object Repository/input_j_password'

2018-06-22 14:26:04 - [TEST_STEP][PASSED] - sendKeys: Keys 'ENTER + ' sent to object: 'Object Repository/input_j_password'

2018-06-22 14:26:08 - [MESSAGE][PASSED] - Keys 'ENTER + ' sent to object: 'Object Repository/input_j_password'

2018-06-22 14:26:08 - [TEST_STEP][PASSED] - waitForPageLoad: Wait for page load successfully

2018-06-22 14:26:08 - [MESSAGE][WARNING] - Timeout '0' is invalid. Using default page load timeout: '30'

2018-06-22 14:26:09 - [MESSAGE][PASSED] - Wait for page load successfully

2018-06-22 14:26:09 - [TEST_STEP][PASSED] - click: Object: 'Object Repository/a_Crear Ausencia' is clicked on

2018-06-22 14:26:12 - [MESSAGE][PASSED] - Object: 'Object Repository/a_Crear Ausencia' is clicked on

2018-06-22 14:26:12 - [TEST_STEP][PASSED] - click: Object: 'Object Repository/input_ao de cargoao de cargo obligatorio' is clicked on

2018-06-22 14:26:16 - [MESSAGE][PASSED] - Object: 'Object Repository/input_ao de cargoao de cargo obligatorio' is clicked on

2018-06-22 14:26:18 - [TEST_STEP][PASSED] - click: Object: 'Object Repository/button_ACEPTAR' is clicked on

2018-06-22 14:26:22 - [MESSAGE][PASSED] - Object: 'Object Repository/button_ACEPTAR' is clicked on

2018-06-22 14:26:24 - [TEST_STEP][PASSED] - click: Object: 'Object Repository/button_CONFIRMAR' is clicked on

2018-06-22 14:26:29 - [MESSAGE][PASSED] - Object: 'Object Repository/button_CONFIRMAR' is clicked on

2018-06-22 14:26:32 - [TEST_STEP][PASSED] - verifyElementPresent: Object 'Object Repository/a_Crear Ausencia' is present

2018-06-22 14:26:32 - [MESSAGE][WARNING] - Timeout '0' is invalid. Using default page load timeout: '30'

2018-06-22 14:26:33 - [MESSAGE][PASSED] - Object 'Object Repository/a_Crear Ausencia' is present

2018-06-22 14:26:33 - [TEST_STEP][PASSED] - closeBrowser: Browser is closed

2018-06-22 14:26:35 - [MESSAGE][PASSED] - Browser is closed]]></system-out>
         <system-err><![CDATA[]]></system-err>
      </testcase>
      <testcase name="Test Cases/3FechaIncorrecta" classname="Test Cases/3FechaIncorrecta" status="FAILED">
         <failure type="FAILED" message="Unable to set text '2018-06-19' of object 'Object Repository/input_input-block-levelFechaFinal' (Root cause: com.kms.katalon.core.webui.exception.WebElementNotFoundException: Web element with id: 'Object Repository/input_input-block-levelFechaFinal' located by 'By.xpath: id(&quot;div_9&quot;)/div[@class=&quot;control-group&quot;]/div[@class=&quot;controls&quot;]/input[@class=&quot;input-block-level&quot;]' not found)"/>
         <system-out><![CDATA[2018-06-22 14:26:37 - [TEST_CASE][FAILED] - Test Cases/3FechaIncorrecta: Test Cases/3FechaIncorrecta FAILED because (of) Unable to set text '2018-06-19' of object 'Object Repository/input_input-block-levelFechaFinal' (Root cause: com.kms.katalon.core.webui.exception.WebElementNotFoundException: Web element with id: 'Object Repository/input_input-block-levelFechaFinal' located by 'By.xpath: id("div_9")/div[@class="control-group"]/div[@class="controls"]/input[@class="input-block-level"]' not found)

2018-06-22 14:26:37 - [TEST_STEP][PASSED] - openBrowser: Browser is opened with url: 'https://sayes-des:9443/ProcessPortal/login.jsp'

2018-06-22 14:26:42 - [MESSAGE][PASSED] - Browser is opened with url: 'https://sayes-des:9443/ProcessPortal/login.jsp'

2018-06-22 14:26:42 - [TEST_STEP][PASSED] - waitForPageLoad: Wait for page load successfully

2018-06-22 14:26:42 - [MESSAGE][WARNING] - Timeout '0' is invalid. Using default page load timeout: '30'

2018-06-22 14:26:43 - [MESSAGE][PASSED] - Wait for page load successfully

2018-06-22 14:26:43 - [TEST_STEP][PASSED] - setText: Text 'aperez' is set on object 'Object Repository/input_j_username'

2018-06-22 14:26:48 - [MESSAGE][PASSED] - Text 'aperez' is set on object 'Object Repository/input_j_username'

2018-06-22 14:26:48 - [TEST_STEP][PASSED] - setText: Text 'Ab123456' is set on object 'Object Repository/input_j_password'

2018-06-22 14:26:52 - [MESSAGE][PASSED] - Text 'Ab123456' is set on object 'Object Repository/input_j_password'

2018-06-22 14:26:52 - [TEST_STEP][PASSED] - sendKeys: Keys 'ENTER + ' sent to object: 'Object Repository/input_j_password'

2018-06-22 14:26:55 - [MESSAGE][PASSED] - Keys 'ENTER + ' sent to object: 'Object Repository/input_j_password'

2018-06-22 14:26:55 - [TEST_STEP][PASSED] - waitForPageLoad: Wait for page load successfully

2018-06-22 14:26:55 - [MESSAGE][WARNING] - Timeout '0' is invalid. Using default page load timeout: '30'

2018-06-22 14:26:56 - [MESSAGE][PASSED] - Wait for page load successfully

2018-06-22 14:26:56 - [TEST_STEP][PASSED] - click: Object: 'Object Repository/a_Crear Ausencia' is clicked on

2018-06-22 14:26:59 - [MESSAGE][PASSED] - Object: 'Object Repository/a_Crear Ausencia' is clicked on

2018-06-22 14:26:59 - [TEST_STEP][FAILED] - setText: Unable to set text '2018-06-19' of object 'Object Repository/input_input-block-levelFechaFinal' (Root cause: com.kms.katalon.core.webui.exception.WebElementNotFoundException: Web element with id: 'Object Repository/input_input-block-levelFechaFinal' located by 'By.xpath: id("div_9")/div[@class="control-group"]/div[@class="controls"]/input[@class="input-block-level"]' not found)

2018-06-22 14:27:35 - [MESSAGE][FAILED] - Unable to set text '2018-06-19' of object 'Object Repository/input_input-block-levelFechaFinal' (Root cause: com.kms.katalon.core.webui.exception.WebElementNotFoundException: Web element with id: 'Object Repository/input_input-block-levelFechaFinal' located by 'By.xpath: id("div_9")/div[@class="control-group"]/div[@class="controls"]/input[@class="input-block-level"]' not found)
[[ATTACHMENT|C:\\Users\\admin\\Katalon Studio\\crear ausencias\\Reports\\New Test Suite\\20180622_142343\\1529670453790.png]]]]></system-out>
         <system-err><![CDATA[2018-06-22 14:26:37 - [TEST_CASE][FAILED] - Test Cases/3FechaIncorrecta: Test Cases/3FechaIncorrecta FAILED because (of) Unable to set text '2018-06-19' of object 'Object Repository/input_input-block-levelFechaFinal' (Root cause: com.kms.katalon.core.webui.exception.WebElementNotFoundException: Web element with id: 'Object Repository/input_input-block-levelFechaFinal' located by 'By.xpath: id("div_9")/div[@class="control-group"]/div[@class="controls"]/input[@class="input-block-level"]' not found)]]></system-err>
      </testcase>
      <system-out><![CDATA[2018-06-22 14:23:46 - [TEST_SUITE][FAILED] - New Test Suite: Test Cases/3FechaIncorrecta FAILED because (of) Unable to set text '2018-06-19' of object 'Object Repository/input_input-block-levelFechaFinal' (Root cause: com.kms.katalon.core.webui.exception.WebElementNotFoundException: Web element with id: 'Object Repository/input_input-block-levelFechaFinal' located by 'By.xpath: id("div_9")/div[@class="control-group"]/div[@class="controls"]/input[@class="input-block-level"]' not found)]]></system-out>
      <system-err><![CDATA[2018-06-22 14:23:46 - [TEST_SUITE][FAILED] - New Test Suite: Test Cases/3FechaIncorrecta FAILED because (of) Unable to set text '2018-06-19' of object 'Object Repository/input_input-block-levelFechaFinal' (Root cause: com.kms.katalon.core.webui.exception.WebElementNotFoundException: Web element with id: 'Object Repository/input_input-block-levelFechaFinal' located by 'By.xpath: id("div_9")/div[@class="control-group"]/div[@class="controls"]/input[@class="input-block-level"]' not found)]]></system-err>
   </testsuite>
</testsuites>
