<?xml version="1.0" encoding="UTF-8"?>
<testsuites name="New Test Suite" time="224" tests="4" failures="1" errors="0">
   <testsuite name="New Test Suite" tests="4" failures="1" errors="0" time="224" timestamp="2018-06-22 09:54:12" hostname="admin - LAPTOP-MGAQBN3O" id="Test Suites/New Test Suite">
      <properties>
         <property name="deviceName" value=""/>
         <property name="devicePlatform" value=""/>
         <property name="logFolder" value="C:\\Users\\admin\\Katalon Studio\\crear ausencias\\Reports\\New Test Suite\\20180622_095410"/>
         <property name="logFiles" value="C:\\Users\\admin\\Katalon Studio\\crear ausencias\\Reports\\New Test Suite\\20180622_095410\\execution0.log"/>
         <property name="attachments" value="C:\\Users\\admin\\Katalon Studio\\crear ausencias\\Reports\\New Test Suite\\20180622_095410\\1529654273739.png"/>
         <property name="hostName" value="admin - LAPTOP-MGAQBN3O"/>
         <property name="os" value="Windows 10 64bit"/>
         <property name="katalonVersion" value="5.4.2.1"/>
         <property name="browser" value="Chrome 67.0.3396.87"/>
         <property name="hostAddress" value="192.168.6.110"/>
         <property name="sessionId" value="52870dc010c6173ce62aa7e68e37fe0d"/>
         <property name="seleniumVersion" value="3.7.1"/>
         <property name="proxyInformation" value="ProxyInformation{proxyOption=NO_PROXY, proxyServerType=HTTP, password=, proxyServerAddress=, proxyServerPort=0}"/>
         <property name="platform" value="Windows 10"/>
      </properties>
      <testcase name="Test Cases/1login" classname="Test Cases/1login" status="PASSED">
         <system-out><![CDATA[2018-06-22 09:54:12 - [TEST_CASE][PASSED] - Test Cases/1login: Test Cases/1login

2018-06-22 09:54:13 - [TEST_STEP][PASSED] - openBrowser: Browser is opened with url: 'https://sayes-des:9443/ProcessPortal/login.jsp'

2018-06-22 09:54:20 - [MESSAGE][PASSED] - Browser is opened with url: 'https://sayes-des:9443/ProcessPortal/login.jsp'

2018-06-22 09:54:20 - [TEST_STEP][PASSED] - waitForPageLoad: Wait for page load successfully

2018-06-22 09:54:20 - [MESSAGE][WARNING] - Timeout '0' is invalid. Using default page load timeout: '30'

2018-06-22 09:54:21 - [MESSAGE][PASSED] - Wait for page load successfully

2018-06-22 09:54:21 - [TEST_STEP][PASSED] - setText: Text 'aperez' is set on object 'Object Repository/input_j_username'

2018-06-22 09:54:25 - [MESSAGE][PASSED] - Text 'aperez' is set on object 'Object Repository/input_j_username'

2018-06-22 09:54:25 - [TEST_STEP][PASSED] - setText: Text 'Ab123456' is set on object 'Object Repository/input_j_password'

2018-06-22 09:54:29 - [MESSAGE][PASSED] - Text 'Ab123456' is set on object 'Object Repository/input_j_password'

2018-06-22 09:54:29 - [TEST_STEP][PASSED] - sendKeys: Keys 'ENTER + ' sent to object: 'Object Repository/input_j_password'

2018-06-22 09:54:34 - [MESSAGE][PASSED] - Keys 'ENTER + ' sent to object: 'Object Repository/input_j_password'

2018-06-22 09:54:34 - [TEST_STEP][PASSED] - waitForPageLoad: Wait for page load successfully

2018-06-22 09:54:34 - [MESSAGE][WARNING] - Timeout '0' is invalid. Using default page load timeout: '30'

2018-06-22 09:54:35 - [MESSAGE][PASSED] - Wait for page load successfully

2018-06-22 09:54:35 - [TEST_STEP][PASSED] - verifyElementPresent: Object 'Object Repository/a_Acacio Perez' is present

2018-06-22 09:54:35 - [MESSAGE][WARNING] - Timeout '0' is invalid. Using default page load timeout: '30'

2018-06-22 09:54:36 - [MESSAGE][PASSED] - Object 'Object Repository/a_Acacio Perez' is present

2018-06-22 09:54:36 - [TEST_STEP][PASSED] - closeBrowser: Browser is closed

2018-06-22 09:54:38 - [MESSAGE][PASSED] - Browser is closed]]></system-out>
         <system-err><![CDATA[]]></system-err>
      </testcase>
      <testcase name="Test Cases/2CampoObligatorioSinRellenar" classname="Test Cases/2CampoObligatorioSinRellenar" status="PASSED">
         <system-out><![CDATA[2018-06-22 09:54:38 - [TEST_CASE][PASSED] - Test Cases/2CampoObligatorioSinRellenar: Test Cases/2CampoObligatorioSinRellenar

2018-06-22 09:54:38 - [TEST_STEP][PASSED] - openBrowser: Browser is opened with url: 'https://sayes-des:9443/ProcessPortal/login.jsp'

2018-06-22 09:54:44 - [MESSAGE][PASSED] - Browser is opened with url: 'https://sayes-des:9443/ProcessPortal/login.jsp'

2018-06-22 09:54:44 - [TEST_STEP][PASSED] - waitForPageLoad: Wait for page load successfully

2018-06-22 09:54:44 - [MESSAGE][WARNING] - Timeout '0' is invalid. Using default page load timeout: '30'

2018-06-22 09:54:45 - [MESSAGE][PASSED] - Wait for page load successfully

2018-06-22 09:54:45 - [TEST_STEP][PASSED] - setText: Text 'aperez' is set on object 'Object Repository/input_j_username'

2018-06-22 09:54:49 - [MESSAGE][PASSED] - Text 'aperez' is set on object 'Object Repository/input_j_username'

2018-06-22 09:54:49 - [TEST_STEP][PASSED] - setText: Text 'Ab123456' is set on object 'Object Repository/input_j_password'

2018-06-22 09:54:53 - [MESSAGE][PASSED] - Text 'Ab123456' is set on object 'Object Repository/input_j_password'

2018-06-22 09:54:53 - [TEST_STEP][PASSED] - sendKeys: Keys 'ENTER + ' sent to object: 'Object Repository/input_j_password'

2018-06-22 09:54:57 - [MESSAGE][PASSED] - Keys 'ENTER + ' sent to object: 'Object Repository/input_j_password'

2018-06-22 09:54:57 - [TEST_STEP][PASSED] - waitForPageLoad: Wait for page load successfully

2018-06-22 09:54:57 - [MESSAGE][WARNING] - Timeout '0' is invalid. Using default page load timeout: '30'

2018-06-22 09:54:58 - [MESSAGE][PASSED] - Wait for page load successfully

2018-06-22 09:54:58 - [TEST_STEP][PASSED] - click: Object: 'Object Repository/a_Crear Ausencia' is clicked on

2018-06-22 09:55:01 - [MESSAGE][PASSED] - Object: 'Object Repository/a_Crear Ausencia' is clicked on

2018-06-22 09:55:01 - [TEST_STEP][PASSED] - click: Object: 'Object Repository/button_ACEPTAR' is clicked on

2018-06-22 09:55:05 - [MESSAGE][PASSED] - Object: 'Object Repository/button_ACEPTAR' is clicked on

2018-06-22 09:55:07 - [TEST_STEP][PASSED] - verifyElementPresent: Object 'Object Repository/font_Validation Error' is present

2018-06-22 09:55:07 - [MESSAGE][WARNING] - Timeout '0' is invalid. Using default page load timeout: '30'

2018-06-22 09:55:09 - [MESSAGE][WARNING] - Timeout '0' is invalid. Using default page load timeout: '30'

2018-06-22 09:55:10 - [MESSAGE][PASSED] - Object 'Object Repository/font_Validation Error' is present

2018-06-22 09:55:12 - [TEST_STEP][PASSED] - closeBrowser: Browser is closed

2018-06-22 09:55:14 - [MESSAGE][PASSED] - Browser is closed]]></system-out>
         <system-err><![CDATA[]]></system-err>
      </testcase>
      <testcase name="Test Cases/5SolicitudCorrectaDiferenteMotivo" classname="Test Cases/5SolicitudCorrectaDiferenteMotivo" status="PASSED">
         <system-out><![CDATA[2018-06-22 09:55:14 - [TEST_CASE][PASSED] - Test Cases/5SolicitudCorrectaDiferenteMotivo: Test Cases/5SolicitudCorrectaDiferenteMotivo

2018-06-22 09:55:14 - [TEST_STEP][PASSED] - openBrowser: Browser is opened with url: 'https://sayes-des:9443/ProcessPortal/login.jsp'

2018-06-22 09:55:20 - [MESSAGE][PASSED] - Browser is opened with url: 'https://sayes-des:9443/ProcessPortal/login.jsp'

2018-06-22 09:55:20 - [TEST_STEP][PASSED] - waitForPageLoad: Wait for page load successfully

2018-06-22 09:55:20 - [MESSAGE][WARNING] - Timeout '0' is invalid. Using default page load timeout: '30'

2018-06-22 09:55:21 - [MESSAGE][PASSED] - Wait for page load successfully

2018-06-22 09:55:21 - [TEST_STEP][PASSED] - setText: Text 'aperez' is set on object 'Object Repository/input_j_username'

2018-06-22 09:55:25 - [MESSAGE][PASSED] - Text 'aperez' is set on object 'Object Repository/input_j_username'

2018-06-22 09:55:25 - [TEST_STEP][PASSED] - setText: Text 'Ab123456' is set on object 'Object Repository/input_j_password'

2018-06-22 09:55:29 - [MESSAGE][PASSED] - Text 'Ab123456' is set on object 'Object Repository/input_j_password'

2018-06-22 09:55:29 - [TEST_STEP][PASSED] - sendKeys: Keys 'ENTER + ' sent to object: 'Object Repository/input_j_password'

2018-06-22 09:55:34 - [MESSAGE][PASSED] - Keys 'ENTER + ' sent to object: 'Object Repository/input_j_password'

2018-06-22 09:55:34 - [TEST_STEP][PASSED] - waitForPageLoad: Wait for page load successfully

2018-06-22 09:55:34 - [MESSAGE][WARNING] - Timeout '0' is invalid. Using default page load timeout: '30'

2018-06-22 09:55:35 - [MESSAGE][PASSED] - Wait for page load successfully

2018-06-22 09:55:35 - [TEST_STEP][PASSED] - click: Object: 'Object Repository/a_Crear Ausencia' is clicked on

2018-06-22 09:55:37 - [MESSAGE][PASSED] - Object: 'Object Repository/a_Crear Ausencia' is clicked on

2018-06-22 09:55:37 - [TEST_STEP][PASSED] - selectOptionByIndex: All options with index in [3] are selected on object 'Object Repository/select_--Select--motivoAusencia'

2018-06-22 09:55:50 - [MESSAGE][PASSED] - All options with index in [3] are selected on object 'Object Repository/select_--Select--motivoAusencia'

2018-06-22 09:55:52 - [TEST_STEP][PASSED] - click: Object: 'Object Repository/button_ACEPTAR' is clicked on

2018-06-22 09:55:57 - [MESSAGE][PASSED] - Object: 'Object Repository/button_ACEPTAR' is clicked on

2018-06-22 09:55:59 - [TEST_STEP][PASSED] - click: Object: 'Object Repository/button_CONFIRMAR' is clicked on

2018-06-22 09:56:03 - [MESSAGE][PASSED] - Object: 'Object Repository/button_CONFIRMAR' is clicked on

2018-06-22 09:56:06 - [TEST_STEP][PASSED] - verifyElementPresent: Object 'Object Repository/a_Crear Ausencia' is present

2018-06-22 09:56:06 - [MESSAGE][WARNING] - Timeout '0' is invalid. Using default page load timeout: '30'

2018-06-22 09:56:07 - [MESSAGE][PASSED] - Object 'Object Repository/a_Crear Ausencia' is present

2018-06-22 09:56:07 - [TEST_STEP][PASSED] - closeBrowser: Browser is closed

2018-06-22 09:56:09 - [MESSAGE][PASSED] - Browser is closed]]></system-out>
         <system-err><![CDATA[]]></system-err>
      </testcase>
      <testcase name="Test Cases/4SolicitudCorrecta" classname="Test Cases/4SolicitudCorrecta" status="PASSED">
         <system-out><![CDATA[2018-06-22 09:56:09 - [TEST_CASE][PASSED] - Test Cases/4SolicitudCorrecta: Test Cases/4SolicitudCorrecta

2018-06-22 09:56:09 - [TEST_STEP][PASSED] - openBrowser: Browser is opened with url: 'https://sayes-des:9443/ProcessPortal/login.jsp'

2018-06-22 09:56:15 - [MESSAGE][PASSED] - Browser is opened with url: 'https://sayes-des:9443/ProcessPortal/login.jsp'

2018-06-22 09:56:15 - [TEST_STEP][PASSED] - waitForPageLoad: Wait for page load successfully

2018-06-22 09:56:15 - [MESSAGE][WARNING] - Timeout '0' is invalid. Using default page load timeout: '30'

2018-06-22 09:56:16 - [MESSAGE][PASSED] - Wait for page load successfully

2018-06-22 09:56:16 - [TEST_STEP][PASSED] - setText: Text 'aperez' is set on object 'Object Repository/input_j_username'

2018-06-22 09:56:20 - [MESSAGE][PASSED] - Text 'aperez' is set on object 'Object Repository/input_j_username'

2018-06-22 09:56:20 - [TEST_STEP][PASSED] - setText: Text 'Ab123456' is set on object 'Object Repository/input_j_password'

2018-06-22 09:56:24 - [MESSAGE][PASSED] - Text 'Ab123456' is set on object 'Object Repository/input_j_password'

2018-06-22 09:56:24 - [TEST_STEP][PASSED] - sendKeys: Keys 'ENTER + ' sent to object: 'Object Repository/input_j_password'

2018-06-22 09:56:29 - [MESSAGE][PASSED] - Keys 'ENTER + ' sent to object: 'Object Repository/input_j_password'

2018-06-22 09:56:29 - [TEST_STEP][PASSED] - waitForPageLoad: Wait for page load successfully

2018-06-22 09:56:29 - [MESSAGE][WARNING] - Timeout '0' is invalid. Using default page load timeout: '30'

2018-06-22 09:56:30 - [MESSAGE][PASSED] - Wait for page load successfully

2018-06-22 09:56:30 - [TEST_STEP][PASSED] - click: Object: 'Object Repository/a_Crear Ausencia' is clicked on

2018-06-22 09:56:32 - [MESSAGE][PASSED] - Object: 'Object Repository/a_Crear Ausencia' is clicked on

2018-06-22 09:56:32 - [TEST_STEP][PASSED] - click: Object: 'Object Repository/input_ao de cargoao de cargo obligatorio' is clicked on

2018-06-22 09:56:36 - [MESSAGE][PASSED] - Object: 'Object Repository/input_ao de cargoao de cargo obligatorio' is clicked on

2018-06-22 09:56:38 - [TEST_STEP][PASSED] - click: Object: 'Object Repository/button_ACEPTAR' is clicked on

2018-06-22 09:56:43 - [MESSAGE][PASSED] - Object: 'Object Repository/button_ACEPTAR' is clicked on

2018-06-22 09:56:45 - [TEST_STEP][PASSED] - click: Object: 'Object Repository/button_CONFIRMAR' is clicked on

2018-06-22 09:56:49 - [MESSAGE][PASSED] - Object: 'Object Repository/button_CONFIRMAR' is clicked on

2018-06-22 09:56:53 - [TEST_STEP][PASSED] - verifyElementPresent: Object 'Object Repository/a_Crear Ausencia' is present

2018-06-22 09:56:53 - [MESSAGE][WARNING] - Timeout '0' is invalid. Using default page load timeout: '30'

2018-06-22 09:56:54 - [MESSAGE][PASSED] - Object 'Object Repository/a_Crear Ausencia' is present

2018-06-22 09:56:54 - [TEST_STEP][PASSED] - closeBrowser: Browser is closed

2018-06-22 09:56:56 - [MESSAGE][PASSED] - Browser is closed]]></system-out>
         <system-err><![CDATA[]]></system-err>
      </testcase>
      <testcase name="Test Cases/3FechaIncorrecta" classname="Test Cases/3FechaIncorrecta" status="FAILED">
         <failure type="FAILED" message="Unable to set text '2018-06-19' of object 'Object Repository/input_input-block-levelFechaFinal' (Root cause: com.kms.katalon.core.webui.exception.WebElementNotFoundException: Web element with id: 'Object Repository/input_input-block-levelFechaFinal' located by 'By.xpath: id(&quot;div_9&quot;)/div[@class=&quot;control-group&quot;]/div[@class=&quot;controls&quot;]/input[@class=&quot;input-block-level&quot;]' not found)"/>
         <system-out><![CDATA[2018-06-22 09:56:56 - [TEST_CASE][FAILED] - Test Cases/3FechaIncorrecta: Test Cases/3FechaIncorrecta FAILED because (of) Unable to set text '2018-06-19' of object 'Object Repository/input_input-block-levelFechaFinal' (Root cause: com.kms.katalon.core.webui.exception.WebElementNotFoundException: Web element with id: 'Object Repository/input_input-block-levelFechaFinal' located by 'By.xpath: id("div_9")/div[@class="control-group"]/div[@class="controls"]/input[@class="input-block-level"]' not found)

2018-06-22 09:56:56 - [TEST_STEP][PASSED] - openBrowser: Browser is opened with url: 'https://sayes-des:9443/ProcessPortal/login.jsp'

2018-06-22 09:57:01 - [MESSAGE][PASSED] - Browser is opened with url: 'https://sayes-des:9443/ProcessPortal/login.jsp'

2018-06-22 09:57:01 - [TEST_STEP][PASSED] - waitForPageLoad: Wait for page load successfully

2018-06-22 09:57:01 - [MESSAGE][WARNING] - Timeout '0' is invalid. Using default page load timeout: '30'

2018-06-22 09:57:02 - [MESSAGE][PASSED] - Wait for page load successfully

2018-06-22 09:57:02 - [TEST_STEP][PASSED] - setText: Text 'aperez' is set on object 'Object Repository/input_j_username'

2018-06-22 09:57:07 - [MESSAGE][PASSED] - Text 'aperez' is set on object 'Object Repository/input_j_username'

2018-06-22 09:57:07 - [TEST_STEP][PASSED] - setText: Text 'Ab123456' is set on object 'Object Repository/input_j_password'

2018-06-22 09:57:11 - [MESSAGE][PASSED] - Text 'Ab123456' is set on object 'Object Repository/input_j_password'

2018-06-22 09:57:11 - [TEST_STEP][PASSED] - sendKeys: Keys 'ENTER + ' sent to object: 'Object Repository/input_j_password'

2018-06-22 09:57:15 - [MESSAGE][PASSED] - Keys 'ENTER + ' sent to object: 'Object Repository/input_j_password'

2018-06-22 09:57:15 - [TEST_STEP][PASSED] - waitForPageLoad: Wait for page load successfully

2018-06-22 09:57:15 - [MESSAGE][WARNING] - Timeout '0' is invalid. Using default page load timeout: '30'

2018-06-22 09:57:16 - [MESSAGE][PASSED] - Wait for page load successfully

2018-06-22 09:57:16 - [TEST_STEP][PASSED] - click: Object: 'Object Repository/a_Crear Ausencia' is clicked on

2018-06-22 09:57:19 - [MESSAGE][PASSED] - Object: 'Object Repository/a_Crear Ausencia' is clicked on

2018-06-22 09:57:19 - [TEST_STEP][FAILED] - setText: Unable to set text '2018-06-19' of object 'Object Repository/input_input-block-levelFechaFinal' (Root cause: com.kms.katalon.core.webui.exception.WebElementNotFoundException: Web element with id: 'Object Repository/input_input-block-levelFechaFinal' located by 'By.xpath: id("div_9")/div[@class="control-group"]/div[@class="controls"]/input[@class="input-block-level"]' not found)

2018-06-22 09:57:55 - [MESSAGE][FAILED] - Unable to set text '2018-06-19' of object 'Object Repository/input_input-block-levelFechaFinal' (Root cause: com.kms.katalon.core.webui.exception.WebElementNotFoundException: Web element with id: 'Object Repository/input_input-block-levelFechaFinal' located by 'By.xpath: id("div_9")/div[@class="control-group"]/div[@class="controls"]/input[@class="input-block-level"]' not found)
[[ATTACHMENT|C:\\Users\\admin\\Katalon Studio\\crear ausencias\\Reports\\New Test Suite\\20180622_095410\\1529654273739.png]]]]></system-out>
         <system-err><![CDATA[2018-06-22 09:56:56 - [TEST_CASE][FAILED] - Test Cases/3FechaIncorrecta: Test Cases/3FechaIncorrecta FAILED because (of) Unable to set text '2018-06-19' of object 'Object Repository/input_input-block-levelFechaFinal' (Root cause: com.kms.katalon.core.webui.exception.WebElementNotFoundException: Web element with id: 'Object Repository/input_input-block-levelFechaFinal' located by 'By.xpath: id("div_9")/div[@class="control-group"]/div[@class="controls"]/input[@class="input-block-level"]' not found)]]></system-err>
      </testcase>
      <system-out><![CDATA[2018-06-22 09:54:12 - [TEST_SUITE][FAILED] - New Test Suite: Test Cases/3FechaIncorrecta FAILED because (of) Unable to set text '2018-06-19' of object 'Object Repository/input_input-block-levelFechaFinal' (Root cause: com.kms.katalon.core.webui.exception.WebElementNotFoundException: Web element with id: 'Object Repository/input_input-block-levelFechaFinal' located by 'By.xpath: id("div_9")/div[@class="control-group"]/div[@class="controls"]/input[@class="input-block-level"]' not found)]]></system-out>
      <system-err><![CDATA[2018-06-22 09:54:12 - [TEST_SUITE][FAILED] - New Test Suite: Test Cases/3FechaIncorrecta FAILED because (of) Unable to set text '2018-06-19' of object 'Object Repository/input_input-block-levelFechaFinal' (Root cause: com.kms.katalon.core.webui.exception.WebElementNotFoundException: Web element with id: 'Object Repository/input_input-block-levelFechaFinal' located by 'By.xpath: id("div_9")/div[@class="control-group"]/div[@class="controls"]/input[@class="input-block-level"]' not found)]]></system-err>
   </testsuite>
</testsuites>
